[2025-12-01 21:57:59,705] INFO: Server configured: host=0.0.0.0, port=5000, token=***
[2025-12-01 21:57:59,707] INFO: ============================================================
[2025-12-01 21:57:59,708] INFO: PowerPoint Remote Control Server (Socket.IO)
[2025-12-01 21:57:59,708] INFO: ============================================================
[2025-12-01 21:57:59,708] INFO: Access at: http://localhost:5000/?token=socketio123
[2025-12-01 21:57:59,709] INFO: For phone: http://<PC_IP>:5000/?token=socketio123
[2025-12-01 21:57:59,709] INFO: ============================================================
[2025-12-01 21:58:19,619] INFO: Client connected: z6aDWY3nex7NRm0XAAAB
[2025-12-01 21:58:49,910] INFO: PowerPoint command: START -> F5
[2025-12-01 21:58:49,915] INFO: Client disconnected: z6aDWY3nex7NRm0XAAAB
[2025-12-01 21:58:50,194] INFO: Client connected: SV-K0BsdZLGe95vIAAAD
[2025-12-01 21:59:12,525] INFO: PowerPoint command: START -> F5
[2025-12-01 21:59:12,528] INFO: Client disconnected: SV-K0BsdZLGe95vIAAAD
[2025-12-01 21:59:12,822] INFO: Client connected: wzLL47DeR9XBEQ5HAAAF
[2025-12-01 21:59:19,728] INFO: PowerPoint command: PREV -> LEFT
[2025-12-01 21:59:19,891] INFO: PowerPoint command: PREV -> LEFT
[2025-12-01 21:59:20,050] INFO: PowerPoint command: PREV -> LEFT
[2025-12-01 21:59:20,208] INFO: PowerPoint command: PREV -> LEFT
[2025-12-01 21:59:20,364] INFO: PowerPoint command: PREV -> LEFT
[2025-12-01 21:59:20,521] INFO: PowerPoint command: PREV -> LEFT
[2025-12-01 21:59:20,675] INFO: PowerPoint command: PREV -> LEFT
[2025-12-01 21:59:20,833] INFO: PowerPoint command: PREV -> LEFT
[2025-12-01 21:59:20,988] INFO: PowerPoint command: PREV -> LEFT
[2025-12-01 21:59:21,143] INFO: PowerPoint command: PREV -> LEFT
[2025-12-01 21:59:21,300] INFO: PowerPoint command: PREV -> LEFT
[2025-12-01 21:59:21,457] INFO: PowerPoint command: PREV -> LEFT
[2025-12-01 21:59:21,613] INFO: PowerPoint command: PREV -> LEFT
[2025-12-01 21:59:21,767] INFO: PowerPoint command: NEXT -> SPACE
[2025-12-01 21:59:21,926] INFO: PowerPoint command: PREV -> LEFT
[2025-12-01 21:59:22,083] INFO: PowerPoint command: NEXT -> SPACE
[2025-12-01 21:59:22,241] INFO: PowerPoint command: PREV -> LEFT
[2025-12-01 21:59:22,399] INFO: PowerPoint command: NEXT -> SPACE
[2025-12-01 21:59:22,557] INFO: PowerPoint command: PREV -> LEFT
[2025-12-01 21:59:22,711] INFO: PowerPoint command: NEXT -> SPACE
[2025-12-01 21:59:22,866] INFO: PowerPoint command: STOP -> ESC
[2025-12-01 21:59:23,023] INFO: PowerPoint command: PREV -> LEFT
[2025-12-01 21:59:23,178] INFO: PowerPoint command: NEXT -> SPACE
[2025-12-01 21:59:23,333] INFO: PowerPoint command: STOP -> ESC
[2025-12-01 21:59:23,489] INFO: PowerPoint command: STOP -> ESC
[2025-12-01 21:59:23,644] INFO: PowerPoint command: PREV -> LEFT
[2025-12-01 21:59:23,799] INFO: PowerPoint command: NEXT -> SPACE
[2025-12-01 21:59:23,953] INFO: PowerPoint command: STOP -> ESC
[2025-12-01 21:59:24,108] INFO: PowerPoint command: STOP -> ESC
[2025-12-01 21:59:24,265] INFO: PowerPoint command: PREV -> LEFT
[2025-12-01 21:59:24,418] INFO: PowerPoint command: NEXT -> SPACE
[2025-12-01 21:59:24,575] INFO: PowerPoint command: STOP -> ESC
[2025-12-01 21:59:24,730] INFO: PowerPoint command: STOP -> ESC
[2025-12-01 21:59:24,886] INFO: PowerPoint command: PREV -> LEFT
[2025-12-01 21:59:25,041] INFO: PowerPoint command: NEXT -> SPACE
[2025-12-01 21:59:25,198] INFO: PowerPoint command: STOP -> ESC
[2025-12-01 21:59:25,354] INFO: PowerPoint command: STOP -> ESC
[2025-12-01 21:59:25,511] INFO: PowerPoint command: PREV -> LEFT
[2025-12-01 21:59:25,666] INFO: PowerPoint command: NEXT -> SPACE
[2025-12-01 21:59:25,821] INFO: PowerPoint command: STOP -> ESC
[2025-12-01 21:59:25,975] INFO: PowerPoint command: STOP -> ESC
[2025-12-01 21:59:26,132] INFO: PowerPoint command: PREV -> LEFT
[2025-12-01 21:59:26,289] INFO: PowerPoint command: NEXT -> SPACE
[2025-12-01 21:59:26,444] INFO: PowerPoint command: STOP -> ESC
[2025-12-01 21:59:26,598] INFO: PowerPoint command: STOP -> ESC
[2025-12-01 21:59:26,755] INFO: PowerPoint command: PREV -> LEFT
[2025-12-01 21:59:26,916] INFO: PowerPoint command: NEXT -> SPACE
[2025-12-01 21:59:27,072] INFO: PowerPoint command: STOP -> ESC
[2025-12-01 21:59:27,228] INFO: PowerPoint command: STOP -> ESC
[2025-12-01 21:59:27,386] INFO: PowerPoint command: PREV -> LEFT
[2025-12-01 21:59:27,548] INFO: PowerPoint command: NEXT -> SPACE
[2025-12-01 21:59:27,704] INFO: PowerPoint command: STOP -> ESC
[2025-12-01 21:59:27,858] INFO: PowerPoint command: STOP -> ESC
[2025-12-01 21:59:28,015] INFO: PowerPoint command: PREV -> LEFT
[2025-12-01 21:59:28,172] INFO: PowerPoint command: NEXT -> SPACE
[2025-12-01 21:59:28,329] INFO: PowerPoint command: STOP -> ESC
[2025-12-01 21:59:28,483] INFO: PowerPoint command: STOP -> ESC
[2025-12-01 21:59:28,638] INFO: PowerPoint command: PREV -> LEFT
[2025-12-01 21:59:28,793] INFO: PowerPoint command: NEXT -> SPACE
[2025-12-01 21:59:28,948] INFO: PowerPoint command: STOP -> ESC
[2025-12-01 21:59:29,105] INFO: PowerPoint command: STOP -> ESC
[2025-12-01 21:59:29,261] INFO: PowerPoint command: PREV -> LEFT
[2025-12-01 21:59:29,415] INFO: PowerPoint command: NEXT -> SPACE
[2025-12-01 21:59:29,571] INFO: PowerPoint command: STOP -> ESC
[2025-12-01 21:59:29,726] INFO: PowerPoint command: STOP -> ESC
[2025-12-01 21:59:29,881] INFO: PowerPoint command: PREV -> LEFT
[2025-12-01 21:59:30,036] INFO: PowerPoint command: NEXT -> SPACE
[2025-12-01 21:59:30,192] INFO: PowerPoint command: STOP -> ESC
[2025-12-01 21:59:30,347] INFO: PowerPoint command: STOP -> ESC
[2025-12-01 21:59:30,502] INFO: PowerPoint command: PREV -> LEFT
[2025-12-01 21:59:30,660] INFO: PowerPoint command: NEXT -> SPACE
[2025-12-01 21:59:30,814] INFO: PowerPoint command: STOP -> ESC
[2025-12-01 21:59:30,969] INFO: PowerPoint command: STOP -> ESC
[2025-12-01 21:59:31,126] INFO: PowerPoint command: PREV -> LEFT
[2025-12-01 21:59:31,281] INFO: PowerPoint command: NEXT -> SPACE
[2025-12-01 21:59:31,438] INFO: PowerPoint command: STOP -> ESC
[2025-12-01 21:59:31,593] INFO: PowerPoint command: STOP -> ESC
[2025-12-01 21:59:31,748] INFO: PowerPoint command: PREV -> LEFT
[2025-12-01 21:59:31,904] INFO: PowerPoint command: NEXT -> SPACE
[2025-12-01 21:59:32,059] INFO: PowerPoint command: STOP -> ESC
[2025-12-01 21:59:32,215] INFO: PowerPoint command: STOP -> ESC
[2025-12-01 21:59:32,371] INFO: PowerPoint command: PREV -> LEFT
[2025-12-01 21:59:32,526] INFO: PowerPoint command: NEXT -> SPACE
[2025-12-01 21:59:32,680] INFO: PowerPoint command: STOP -> ESC
[2025-12-01 21:59:32,836] INFO: PowerPoint command: STOP -> ESC
[2025-12-01 21:59:32,995] INFO: PowerPoint command: PREV -> LEFT
[2025-12-01 21:59:33,151] INFO: PowerPoint command: NEXT -> SPACE
[2025-12-01 21:59:33,306] INFO: PowerPoint command: STOP -> ESC
[2025-12-01 21:59:33,462] INFO: PowerPoint command: STOP -> ESC
[2025-12-01 21:59:33,618] INFO: PowerPoint command: PREV -> LEFT
[2025-12-01 21:59:33,777] INFO: PowerPoint command: NEXT -> SPACE
[2025-12-01 21:59:33,933] INFO: PowerPoint command: STOP -> ESC
[2025-12-01 21:59:34,092] INFO: PowerPoint command: STOP -> ESC
[2025-12-01 21:59:34,258] INFO: PowerPoint command: PREV -> LEFT
[2025-12-01 21:59:34,425] INFO: PowerPoint command: NEXT -> SPACE
[2025-12-01 21:59:34,587] INFO: PowerPoint command: STOP -> ESC
[2025-12-01 21:59:34,833] INFO: PowerPoint command: STOP -> ESC
[2025-12-01 21:59:34,997] INFO: PowerPoint command: PREV -> LEFT
[2025-12-01 21:59:35,159] INFO: PowerPoint command: NEXT -> SPACE
[2025-12-01 21:59:35,317] INFO: PowerPoint command: STOP -> ESC
[2025-12-01 21:59:35,475] INFO: PowerPoint command: STOP -> ESC
[2025-12-01 21:59:35,635] INFO: PowerPoint command: PREV -> LEFT
[2025-12-01 21:59:35,792] INFO: PowerPoint command: NEXT -> SPACE
[2025-12-01 21:59:35,948] INFO: PowerPoint command: STOP -> ESC
[2025-12-01 21:59:36,105] INFO: PowerPoint command: STOP -> ESC
[2025-12-01 21:59:36,261] INFO: PowerPoint command: PREV -> LEFT
[2025-12-01 21:59:36,416] INFO: PowerPoint command: NEXT -> SPACE
[2025-12-01 21:59:36,570] INFO: PowerPoint command: STOP -> ESC
[2025-12-01 21:59:36,725] INFO: PowerPoint command: STOP -> ESC
[2025-12-01 21:59:36,880] INFO: PowerPoint command: PREV -> LEFT
[2025-12-01 21:59:37,034] INFO: PowerPoint command: NEXT -> SPACE
[2025-12-01 21:59:37,188] INFO: PowerPoint command: STOP -> ESC
[2025-12-01 21:59:37,344] INFO: PowerPoint command: STOP -> ESC
[2025-12-01 21:59:37,499] INFO: PowerPoint command: PREV -> LEFT
[2025-12-01 21:59:37,654] INFO: PowerPoint command: NEXT -> SPACE
[2025-12-01 21:59:37,812] INFO: PowerPoint command: STOP -> ESC
[2025-12-01 21:59:38,046] INFO: Client connected: oWW4ohHsXEo7y47xAAAH
[2025-12-01 21:59:42,464] INFO: Client disconnected: wzLL47DeR9XBEQ5HAAAF
[2025-12-01 21:59:42,467] INFO: Client disconnected: oWW4ohHsXEo7y47xAAAH
[2025-12-01 21:59:45,944] INFO: Client connected: BUp6n4GmBI55iQrUAAAJ
[2025-12-01 21:59:59,903] INFO: Client disconnected: BUp6n4GmBI55iQrUAAAJ
[2025-12-01 22:01:49,915] INFO: Server configured: host=0.0.0.0, port=5000, token=***
[2025-12-01 22:01:49,917] INFO: ============================================================
[2025-12-01 22:01:49,917] INFO: PowerPoint Remote Control Server (Socket.IO)
[2025-12-01 22:01:49,918] INFO: ============================================================
[2025-12-01 22:01:49,918] INFO: Access at: http://localhost:5000/?token=socketio123
[2025-12-01 22:01:49,918] INFO: For phone: http://<PC_IP>:5000/?token=socketio123
[2025-12-01 22:01:49,918] INFO: ============================================================
[2025-12-01 22:05:37,725] INFO: Server configured: host=0.0.0.0, port=5000, token=***
[2025-12-01 22:05:37,728] INFO: ============================================================
[2025-12-01 22:05:37,729] INFO: PowerPoint Remote Control Server (Socket.IO)
[2025-12-01 22:05:37,730] INFO: ============================================================
[2025-12-01 22:05:37,730] INFO: Access at: http://localhost:5000/?token=socketio123
[2025-12-01 22:05:37,731] INFO: For phone: http://<PC_IP>:5000/?token=socketio123
[2025-12-01 22:05:37,731] INFO: ============================================================
[2025-12-01 22:08:07,511] INFO: Server configured: host=0.0.0.0, port=5000, token=***
[2025-12-01 22:08:07,516] INFO: ============================================================
[2025-12-01 22:08:07,516] INFO: PowerPoint Remote Control Server (Socket.IO)
[2025-12-01 22:08:07,517] INFO: ============================================================
[2025-12-01 22:08:07,517] INFO: Access at: http://localhost:5000/?token=socketio123
[2025-12-01 22:08:07,518] INFO: For phone: http://<PC_IP>:5000/?token=socketio123
[2025-12-01 22:08:07,518] INFO: ============================================================
[2025-12-01 22:09:56,764] INFO: Server configured: host=0.0.0.0, port=5000, token=***
[2025-12-01 22:09:56,768] INFO: ============================================================
[2025-12-01 22:09:56,768] INFO: PowerPoint Remote Control Server (Socket.IO)
[2025-12-01 22:09:56,769] INFO: ============================================================
[2025-12-01 22:09:56,769] INFO: Access at: http://localhost:5000/?token=socketio123
[2025-12-01 22:09:56,769] INFO: For phone: http://<PC_IP>:5000/?token=socketio123
[2025-12-01 22:09:56,769] INFO: ============================================================
[2025-12-01 22:09:56,770] ERROR: Server error: [WinError 10048] Only one usage of each socket address (protocol/network address/port) is normally permitted
[2025-12-01 22:35:52,357] INFO: Server configured: host=0.0.0.0, port=5000, token=***
[2025-12-01 22:35:52,359] INFO: ============================================================
[2025-12-01 22:35:52,359] INFO: PowerPoint Remote Control Server (Socket.IO)
[2025-12-01 22:35:52,359] INFO: ============================================================
[2025-12-01 22:35:52,364] INFO: ============================================================
[2025-12-01 22:38:42,165] INFO: Server configured: host=0.0.0.0, port=5000, token=***
[2025-12-01 22:38:42,167] INFO: ============================================================
[2025-12-01 22:38:42,167] INFO: PowerPoint Remote Control Server (Socket.IO)
[2025-12-01 22:38:42,167] INFO: ============================================================
[2025-12-01 22:38:42,167] INFO: PC Access:    http://localhost:5000/?token=socketio123
[2025-12-01 22:38:42,168] INFO: Phone Access: http://192.168.1.18:5000/?token=socketio123
[2025-12-01 22:38:42,168] INFO: ============================================================
[2025-12-01 22:38:57,054] INFO: Client connected: 6VOcv-y9emhVojqlAAAB
[2025-12-01 22:44:35,494] INFO: Server configured: host=0.0.0.0, port=5000, token=***
[2025-12-01 22:44:35,496] INFO: ============================================================
[2025-12-01 22:44:35,496] INFO: PowerPoint Remote Control Server (Socket.IO)
[2025-12-01 22:44:35,496] INFO: ============================================================
[2025-12-01 22:44:35,497] INFO: PC Access:    http://localhost:5000/?token=socketio123
[2025-12-01 22:44:35,497] INFO: Phone Access: http://192.168.1.18:5000/?token=socketio123
[2025-12-01 22:44:35,497] INFO: ============================================================
[2025-12-01 22:44:35,497] ERROR: Server error: [WinError 10048] Only one usage of each socket address (protocol/network address/port) is normally permitted
[2025-12-01 22:45:22,188] INFO: Client disconnected: 6VOcv-y9emhVojqlAAAB
[2025-12-01 22:48:08,613] INFO: Server configured: host=0.0.0.0, port=5000, token=***
[2025-12-01 22:48:08,614] INFO: ============================================================
[2025-12-01 22:48:08,615] INFO: PowerPoint Remote Control Server (Socket.IO)
[2025-12-01 22:48:08,615] INFO: ============================================================
[2025-12-01 22:48:08,615] INFO: PC Access:    http://localhost:5000/?token=socketio123
[2025-12-01 22:48:08,615] INFO: Phone Access: http://192.168.1.18:5000/?token=socketio123
[2025-12-01 22:48:08,615] INFO: ============================================================
[2025-12-01 22:48:13,656] INFO: Client connected: rcAHlO8vrLnbq8kqAAAB
[2025-12-01 22:48:45,843] INFO: Client connected: 6nrmMruawVryqwhZAAAD
[2025-12-01 22:48:51,567] INFO: PowerPoint command: START -> F5
[2025-12-01 22:49:07,094] INFO: PowerPoint command: NEXT -> SPACE
[2025-12-01 22:49:09,731] INFO: PowerPoint command: PREV -> LEFT
[2025-12-01 22:49:18,036] INFO: PowerPoint command: NEXT -> SPACE
[2025-12-01 22:49:20,122] INFO: PowerPoint command: NEXT -> SPACE
[2025-12-01 22:49:23,020] INFO: PowerPoint command: NEXT -> SPACE
[2025-12-01 22:49:24,375] INFO: PowerPoint command: PREV -> LEFT
[2025-12-01 22:49:30,160] INFO: PowerPoint command: STOP -> ESC
[2025-12-01 22:49:31,622] INFO: PowerPoint command: START -> F5
[2025-12-01 22:50:16,445] INFO: PowerPoint command: STOP -> ESC
[2025-12-01 22:50:31,656] INFO: Client disconnected: rcAHlO8vrLnbq8kqAAAB
[2025-12-02 20:49:51,973] INFO: Server configured: host=0.0.0.0, port=5000, token=***
[2025-12-02 20:49:51,978] INFO: ============================================================
[2025-12-02 20:49:51,978] INFO: PowerPoint Remote Control Server (Socket.IO)
[2025-12-02 20:49:51,978] INFO: ============================================================
[2025-12-02 20:49:51,979] INFO: PC Access:    http://localhost:5000/?token=socketio123
[2025-12-02 20:49:51,979] INFO: Phone Access: http://192.168.1.25:5000/?token=socketio123
[2025-12-02 20:49:51,979] INFO: ============================================================
[2025-12-02 20:50:01,544] INFO: Client connected: kISYOvEJf47SEEkdAAAB
[2025-12-02 20:50:12,024] INFO: PowerPoint command: START -> F5
[2025-12-02 20:50:17,812] INFO: PowerPoint command: START -> F5
[2025-12-02 20:50:20,915] INFO: PowerPoint command: NEXT -> SPACE
[2025-12-02 20:50:23,481] INFO: PowerPoint command: PREV -> LEFT
[2025-12-02 20:50:24,548] INFO: PowerPoint command: NEXT -> SPACE
[2025-12-02 20:50:25,627] INFO: PowerPoint command: NEXT -> SPACE
[2025-12-02 20:50:27,296] INFO: PowerPoint command: NEXT -> SPACE
[2025-12-02 20:50:53,790] INFO: PowerPoint command: NEXT -> SPACE
[2025-12-02 20:50:56,459] INFO: PowerPoint command: NEXT -> SPACE
[2025-12-02 20:50:59,048] INFO: Client disconnected: kISYOvEJf47SEEkdAAAB
[2025-12-02 20:52:11,679] INFO: Server configured: host=0.0.0.0, port=5000, token=***
[2025-12-02 20:52:11,682] INFO: ============================================================
[2025-12-02 20:52:11,682] INFO: PowerPoint Remote Control Server (Socket.IO)
[2025-12-02 20:52:11,683] INFO: ============================================================
[2025-12-02 20:52:11,683] INFO: PC Access:    http://localhost:5000/?token=socketio123
[2025-12-02 20:52:11,683] INFO: Phone Access: http://192.168.1.25:5000/?token=socketio123
[2025-12-02 20:52:11,684] INFO: ============================================================
[2025-12-02 22:10:00,923] INFO: Server configured: host=0.0.0.0, port=5000, token=***
[2025-12-02 22:10:00,928] INFO: ============================================================
[2025-12-02 22:10:00,928] INFO: PowerPoint Remote Control Server (Socket.IO)
[2025-12-02 22:10:00,929] INFO: ============================================================
[2025-12-02 22:10:00,930] INFO: PC Access:    http://localhost:5000/?token=socketio123
[2025-12-02 22:10:00,930] INFO: Phone Access: http://192.168.1.25:5000/?token=socketio123
[2025-12-02 22:10:00,931] INFO: ============================================================
[2025-12-02 22:10:02,074] INFO: Serving socketio_client.html to 127.0.0.1
[2025-12-02 22:10:02,694] INFO: Client connected: cWxKsii5VzaGvTaKAAAB
[2025-12-02 22:14:31,265] INFO: Client disconnected: cWxKsii5VzaGvTaKAAAB
[2025-12-02 22:14:31,593] INFO: Serving socketio_client.html to 127.0.0.1
[2025-12-02 22:14:31,928] INFO: Client connected: PTUbKuTfBqaBzdEaAAAD
[2025-12-02 22:16:38,227] INFO: Server configured: host=0.0.0.0, port=5000, token=***
[2025-12-02 22:16:38,305] INFO: ============================================================
[2025-12-02 22:16:38,306] INFO: PowerPoint Remote Control Server (Socket.IO)
[2025-12-02 22:16:38,306] INFO: ============================================================
[2025-12-02 22:16:38,307] INFO: PC Access:    http://localhost:5000/?token=socketio123
[2025-12-02 22:16:38,307] INFO: Phone Access: http://192.168.1.25:5000/?token=socketio123
[2025-12-02 22:16:38,308] INFO: ============================================================
[2025-12-02 22:16:38,659] INFO: Serving socketio_client.html to 127.0.0.1
[2025-12-02 22:16:39,057] INFO: Client connected: 0P6oW5YwbeOxPftYAAAB
[2025-12-02 22:16:43,226] INFO: Client connected: KMDN_9qymCFuiQ-BAAAD
[2025-12-02 22:16:52,171] INFO: Serving socketio_client.html to 192.168.1.17
[2025-12-02 22:16:52,434] INFO: Client connected: i4-jXYUXrDEptbAIAAAF
[2025-12-02 22:17:17,565] INFO: PowerPoint command: START -> F5
[2025-12-02 22:17:19,401] INFO: PowerPoint command: START -> F5
[2025-12-02 22:17:34,833] INFO: PowerPoint command: START -> F5
[2025-12-02 22:17:38,570] INFO: PowerPoint command: NEXT -> SPACE
[2025-12-02 22:17:41,258] INFO: PowerPoint command: NEXT -> SPACE
[2025-12-02 22:17:43,048] INFO: PowerPoint command: NEXT -> SPACE
[2025-12-02 22:17:59,873] INFO: PowerPoint command: STOP -> ESC
[2025-12-02 22:18:16,439] INFO: PowerPoint command: START -> F5
[2025-12-02 22:18:16,441] INFO: Serving socketio_client.html to 127.0.0.1
[2025-12-02 22:18:16,445] INFO: Client disconnected: 0P6oW5YwbeOxPftYAAAB
[2025-12-02 22:18:16,575] INFO: Client connected: LZBEMETUMeWlar4EAAAH
[2025-12-02 22:18:25,773] INFO: PowerPoint command: START -> F5
[2025-12-02 22:18:25,776] INFO: Serving socketio_client.html to 127.0.0.1
[2025-12-02 22:18:25,780] INFO: Client disconnected: LZBEMETUMeWlar4EAAAH
[2025-12-02 22:18:25,898] INFO: Client connected: Hzm3kn0qe8h4keAwAAAJ
[2025-12-02 22:19:19,542] INFO: Client disconnected: Hzm3kn0qe8h4keAwAAAJ
[2025-12-02 22:19:23,060] INFO: Client disconnected: KMDN_9qymCFuiQ-BAAAD
[2025-12-02 22:19:51,099] INFO: Client disconnected: i4-jXYUXrDEptbAIAAAF
[2025-12-02 22:19:51,150] INFO: Serving socketio_client.html to 192.168.1.17
[2025-12-02 22:19:52,029] INFO: Client connected: hBLjE-zAxo1AFq43AAAL
[2025-12-02 22:20:21,509] INFO: PowerPoint command: START -> F5
[2025-12-02 22:20:23,452] INFO: PowerPoint command: STOP -> ESC
[2025-12-02 22:21:10,352] INFO: PowerPoint command: START -> F5
[2025-12-02 22:21:27,368] INFO: PowerPoint command: START -> F5
[2025-12-02 22:21:29,483] INFO: PowerPoint command: STOP -> ESC
[2025-12-02 22:21:57,106] INFO: Serving socketio_client.html to 192.168.1.17
[2025-12-02 22:21:57,128] INFO: Client disconnected: hBLjE-zAxo1AFq43AAAL
[2025-12-02 22:21:57,155] INFO: Client connected: 3nmGJb113LYpLENIAAAN
[2025-12-02 22:22:19,025] INFO: Serving socketio_client.html to 192.168.1.17
[2025-12-02 22:22:19,056] INFO: Client disconnected: 3nmGJb113LYpLENIAAAN
[2025-12-02 22:22:19,087] INFO: Client connected: bH7g2mRqbIk20U_ZAAAP
[2025-12-02 22:23:41,918] INFO: Serving socketio_client.html to 192.168.1.25
[2025-12-02 22:23:42,198] INFO: Client connected: AQ3wfjDLiqy0jA5hAAAR
[2025-12-02 22:29:06,120] INFO: Client disconnected: AQ3wfjDLiqy0jA5hAAAR
[2025-12-02 22:29:06,143] INFO: Serving socketio_client.html to 192.168.1.25
[2025-12-04 10:58:53,566] INFO: Server configured: host=0.0.0.0, port=5000, token=***
[2025-12-04 10:58:53,575] INFO: ============================================================
[2025-12-04 10:58:53,575] INFO: PowerPoint Remote Control Server (Socket.IO)
[2025-12-04 10:58:53,576] INFO: ============================================================
[2025-12-04 10:58:53,576] INFO: PC Access:    http://localhost:5000/?token=socketio123
[2025-12-04 10:58:53,576] INFO: Phone Access: http://192.168.1.25:5000/?token=socketio123
[2025-12-04 10:58:53,577] INFO: ============================================================
[2025-12-04 10:58:53,648] INFO: Serving socketio_client.html to 127.0.0.1
[2025-12-04 11:01:24,136] INFO: Serving socketio_client.html to 127.0.0.1
[2025-12-04 11:01:38,087] INFO: Server configured: host=0.0.0.0, port=5000, token=***
[2025-12-04 11:01:38,094] INFO: ============================================================
[2025-12-04 11:01:38,095] INFO: PowerPoint Remote Control Server (Socket.IO)
[2025-12-04 11:01:38,095] INFO: ============================================================
[2025-12-04 11:01:38,095] INFO: PC Access:    http://localhost:5000/?token=socketio123
[2025-12-04 11:01:38,095] INFO: Phone Access: http://192.168.1.25:5000/?token=socketio123
[2025-12-04 11:01:38,096] INFO: ============================================================
[2025-12-04 11:01:38,228] INFO: Serving socketio_client.html to 127.0.0.1
[2025-12-04 11:01:51,385] INFO: Serving socketio_client.html to 192.168.1.25
[2025-12-04 11:02:42,619] INFO: Serving socketio_client.html to 127.0.0.1
[2025-12-04 11:02:43,367] INFO: Serving socketio_client.html to 127.0.0.1
[2025-12-04 11:03:04,794] INFO: Server configured: host=0.0.0.0, port=5000, token=***
[2025-12-04 11:03:04,802] INFO: ============================================================
[2025-12-04 11:03:04,803] INFO: PowerPoint Remote Control Server (Socket.IO)
[2025-12-04 11:03:04,803] INFO: ============================================================
[2025-12-04 11:03:04,804] INFO: PC Access:    http://localhost:5000/?token=socketio123
[2025-12-04 11:03:04,804] INFO: Phone Access: http://192.168.1.25:5000/?token=socketio123
[2025-12-04 11:03:04,804] INFO: ============================================================
[2025-12-04 11:03:04,970] INFO: Serving socketio_client.html to 127.0.0.1
[2025-12-15 14:28:55,337] INFO: Server configured: host=0.0.0.0, port=5000, token=***
[2025-12-15 14:28:55,418] INFO: ============================================================
[2025-12-15 14:28:55,418] INFO: PowerPoint Remote Control Server (Socket.IO)
[2025-12-15 14:28:55,418] INFO: ============================================================
[2025-12-15 14:28:55,418] INFO: PC Access:    http://localhost:5000/?token=socketio123
[2025-12-15 14:28:55,419] INFO: Phone Access: http://192.168.1.18:5000/?token=socketio123
[2025-12-15 14:28:55,419] INFO: ============================================================
[2025-12-15 14:29:18,848] INFO: Serving socketio_client.html to 192.168.1.10
[2025-12-15 14:33:15,818] INFO: Server configured: host=0.0.0.0, port=5000, token=***
[2025-12-15 14:33:15,846] INFO: ============================================================
[2025-12-15 14:33:15,847] INFO: PowerPoint Remote Control Server (Socket.IO)
[2025-12-15 14:33:15,847] INFO: ============================================================
[2025-12-15 14:33:15,848] INFO: PC Access:    http://localhost:5000/?token=socketio123
[2025-12-15 14:33:15,851] INFO: Phone Access: http://192.168.1.18:5000/?token=socketio123
[2025-12-15 14:33:15,854] INFO: ============================================================
[2025-12-15 14:33:15,886] INFO: Serving socketio_client.html to 127.0.0.1
[2025-12-15 14:34:29,696] INFO: Serving socketio_client.html to 192.168.1.10
[2025-12-15 14:41:34,234] INFO: Server configured: host=0.0.0.0, port=5000, token=***
[2025-12-15 14:41:34,303] INFO: ============================================================
[2025-12-15 14:41:34,303] INFO: PowerPoint Remote Control Server (Socket.IO)
[2025-12-15 14:41:34,303] INFO: ============================================================
[2025-12-15 14:41:34,304] INFO: PC Access:    http://localhost:5000/?token=socketio123
[2025-12-15 14:41:34,304] INFO: Phone Access: http://192.168.1.18:5000/?token=socketio123
[2025-12-15 14:41:34,304] INFO: ============================================================
[2025-12-15 14:41:44,639] INFO: Serving socketio_client.html to 192.168.1.10
[2025-12-15 14:42:01,138] INFO: Serving socketio_client.html to 192.168.1.18
[2025-12-15 14:46:36,752] INFO: Serving socketio_client.html to 192.168.1.18
[2025-12-15 14:48:11,675] INFO: Serving socketio_client.html to 192.168.1.18
[2025-12-15 14:48:23,884] INFO: Serving socketio_client.html to 192.168.1.18
[2025-12-15 14:49:59,946] INFO: Server configured: host=0.0.0.0, port=5000, token=***
[2025-12-15 14:49:59,954] INFO: ============================================================
[2025-12-15 14:49:59,954] INFO: PowerPoint Remote Control Server (Socket.IO)
[2025-12-15 14:49:59,954] INFO: ============================================================
[2025-12-15 14:49:59,954] INFO: PC Access:    http://localhost:5000/?token=socketio123
[2025-12-15 14:49:59,954] INFO: Phone Access: http://192.168.1.18:5000/?token=socketio123
[2025-12-15 14:49:59,955] INFO: ============================================================
[2025-12-15 14:50:14,356] INFO: Serving socketio_client.html to 192.168.1.10
[2025-12-15 14:50:15,175] INFO: Client connected: JlrX5g8qnE-0mjLmAAAB
[2025-12-15 14:50:23,460] INFO: PowerPoint command: START -> F5
[2025-12-15 14:50:36,601] INFO: PowerPoint command: NEXT -> SPACE
[2025-12-15 14:50:42,003] INFO: PowerPoint command: NEXT -> SPACE
[2025-12-15 14:50:45,656] INFO: PowerPoint command: PREV -> LEFT
[2025-12-15 14:50:47,223] INFO: PowerPoint command: NEXT -> SPACE
[2025-12-15 14:50:51,273] INFO: PowerPoint command: NEXT -> SPACE
[2025-12-15 14:51:01,256] INFO: PowerPoint command: NEXT -> SPACE
[2025-12-15 14:51:12,296] INFO: PowerPoint command: NEXT -> SPACE
[2025-12-15 14:51:30,709] INFO: PowerPoint command: STOP -> ESC
[2025-12-15 14:51:32,761] INFO: PowerPoint command: START -> F5
[2025-12-15 14:52:39,728] INFO: Client disconnected: JlrX5g8qnE-0mjLmAAAB
