----
2025-12-29 11:26:22
SESSION student_code=2203857097, student_name=Nguyễn Thiên Bảo
RAW INPUT: {"type":"1_","testName":"Kiểm tra thường xuyên (TX1)","studentCode":"2203857097","studentName":"Nguyễn Thiên Bảo","classCode":"9A1","gradeLevel":"9","questions":[{"question":"Hiện tượng nào được coi là xâm hại quyền riêng tư?","options":["Đọc trộm tin nhắn","Chia sẻ bài học","Xem web tin tức","Chụp phong cảnh"],"correct":0,"type":"single","level":"TH"},{"question":"Cú pháp đúng của hàm COUNTIF là:","options":["=COUNTIF(range, criteria)","=COUNT(range)","=SUMIF(range, criteria)","=COUNTIFS(criteria)"],"correct":0,"type":"single","level":"NB"},{"question":"Thiết bị nào là phần cứng của máy tính?","options":["Chuột","Hệ điều hành","Phần mềm soạn thảo","Trình duyệt web"],"correct":0,"type":"single","level":"NB"},{"question":"Tác động tích cực của công nghệ số là gì?","options":["Kết nối nhanh","Làm việc hiệu quả hơn","Giải trí đa dạng","Cả 3 đáp án"],"correct":3,"t
----
2025-12-29 13:41:05
SESSION student_code=2203857097, student_name=Nguyễn Thiên Bảo
RAW INPUT: {"type":"2_","testName":"Kiểm tra thường xuyên (TX1) 2","studentCode":"2203857097","studentName":"Nguyễn Thiên Bảo","classCode":"9A1","gradeLevel":"9","questions":[{"question":"Giá trị của \\( \\sqrt{0,25} \\) là:","options":["0,5","-0,5","±0,5","2"],"correct":0,"type":"single","level":"NB"},{"question":"Bất đẳng thức $$-3x > 6$$ có nghiệm là:","options":["$$x < -2$$","$$x > -2$$","$$x \\leq -2$$","$$x \\geq -2$$"],"correct":0,"type":"single","level":"NB"},{"question":"Trong các số sau, số nào là số vô tỉ?","options":["\\( \\sqrt{16} \\)","\\( \\sqrt{2} \\)","4","0"],"correct":1,"type":"single","level":"TH"},{"question":"Cho bất đẳng thức $3x - 5 > 7$. Giá trị nhỏ nhất của $x$ là bao nhiêu?","options":["$x > 4$","$x > 3$","$x > 2$","$x > 5$"],"correct":0,"type":"single","level":"NB"},{"question":"Cặp số nào sau đây là hai căn bậc hai của cùng một số?","options":["3 và 9","4 và -4","2 và 4","-5 và 10"],"cor
----
2025-12-29 14:02:15
SESSION student_code=2203857097, student_name=Nguyễn Thiên Bảo
RAW INPUT: {"type":"SUB_20251229134007_588055","testName":"Kiểm tra thường xuyên (TX1) 2","studentCode":"2203857097","studentName":"Nguyễn Thiên Bảo","classCode":"9A1","gradeLevel":"9","questions":[{"question":"Giá trị của \\( \\sqrt{0,25} \\) là:","options":["0,5","-0,5","±0,5","2"],"correct":0,"type":"single","level":"NB"},{"question":"Bất đẳng thức $$-3x > 6$$ có nghiệm là:","options":["$$x < -2$$","$$x > -2$$","$$x \\leq -2$$","$$x \\geq -2$$"],"correct":0,"type":"single","level":"NB"},{"question":"Trong các số sau, số nào là số vô tỉ?","options":["\\( \\sqrt{16} \\)","\\( \\sqrt{2} \\)","4","0"],"correct":1,"type":"single","level":"TH"},{"question":"Cho bất đẳng thức $3x - 5 > 7$. Giá trị nhỏ nhất của $x$ là bao nhiêu?","options":["$x > 4$","$x > 3$","$x > 2$","$x > 5$"],"correct":0,"type":"single","level":"NB"},{"question":"Cặp số nào sau đây là hai căn bậc hai của cùng một số?","options":["3 và 9","4 và -4","2 v
----
2025-12-29 14:03:04
SESSION student_code=2203857097, student_name=Nguyễn Thiên Bảo
RAW INPUT: {"type":"SUB_20251229134007_588055","testName":"Kiểm tra thường xuyên (TX1) 2","studentCode":"2203857097","studentName":"Nguyễn Thiên Bảo","classCode":"9A1","gradeLevel":"9","questions":[{"question":"Giá trị của \\( \\sqrt{0,25} \\) là:","options":["0,5","-0,5","±0,5","2"],"correct":0,"type":"single","level":"NB"},{"question":"Bất đẳng thức $$-3x > 6$$ có nghiệm là:","options":["$$x < -2$$","$$x > -2$$","$$x \\leq -2$$","$$x \\geq -2$$"],"correct":0,"type":"single","level":"NB"},{"question":"Trong các số sau, số nào là số vô tỉ?","options":["\\( \\sqrt{16} \\)","\\( \\sqrt{2} \\)","4","0"],"correct":1,"type":"single","level":"TH"},{"question":"Cho bất đẳng thức $3x - 5 > 7$. Giá trị nhỏ nhất của $x$ là bao nhiêu?","options":["$x > 4$","$x > 3$","$x > 2$","$x > 5$"],"correct":0,"type":"single","level":"NB"},{"question":"Cặp số nào sau đây là hai căn bậc hai của cùng một số?","options":["3 và 9","4 và -4","2 v
----
2025-12-29 14:03:45
SESSION student_code=2203857097, student_name=Nguyễn Thiên Bảo
RAW INPUT: {"type":"SUB_20251229134007_588055","testName":"Kiểm tra thường xuyên (TX1) 2","studentCode":"2203857097","studentName":"Nguyễn Thiên Bảo","classCode":"9A1","gradeLevel":"9","questions":[{"question":"Giá trị của \\( \\sqrt{0,25} \\) là:","options":["0,5","-0,5","±0,5","2"],"correct":0,"type":"single","level":"NB"},{"question":"Bất đẳng thức $$-3x > 6$$ có nghiệm là:","options":["$$x < -2$$","$$x > -2$$","$$x \\leq -2$$","$$x \\geq -2$$"],"correct":0,"type":"single","level":"NB"},{"question":"Trong các số sau, số nào là số vô tỉ?","options":["\\( \\sqrt{16} \\)","\\( \\sqrt{2} \\)","4","0"],"correct":1,"type":"single","level":"TH"},{"question":"Cho bất đẳng thức $3x - 5 > 7$. Giá trị nhỏ nhất của $x$ là bao nhiêu?","options":["$x > 4$","$x > 3$","$x > 2$","$x > 5$"],"correct":0,"type":"single","level":"NB"},{"question":"Cặp số nào sau đây là hai căn bậc hai của cùng một số?","options":["3 và 9","4 và -4","2 v
----
2025-12-29 14:06:24
SESSION student_code=2203857097, student_name=Nguyễn Thiên Bảo
RAW INPUT: {"type":"SUB_20251229134007_588055","testName":"Kiểm tra thường xuyên (TX1) 2","studentCode":"2203857097","studentName":"Nguyễn Thiên Bảo","classCode":"9A1","gradeLevel":"9","questions":[{"question":"Giá trị của \\( \\sqrt{0,25} \\) là:","options":["0,5","-0,5","±0,5","2"],"correct":0,"type":"single","level":"NB"},{"question":"Bất đẳng thức $$-3x > 6$$ có nghiệm là:","options":["$$x < -2$$","$$x > -2$$","$$x \\leq -2$$","$$x \\geq -2$$"],"correct":0,"type":"single","level":"NB"},{"question":"Trong các số sau, số nào là số vô tỉ?","options":["\\( \\sqrt{16} \\)","\\( \\sqrt{2} \\)","4","0"],"correct":1,"type":"single","level":"TH"},{"question":"Cho bất đẳng thức $3x - 5 > 7$. Giá trị nhỏ nhất của $x$ là bao nhiêu?","options":["$x > 4$","$x > 3$","$x > 2$","$x > 5$"],"correct":0,"type":"single","level":"NB"},{"question":"Cặp số nào sau đây là hai căn bậc hai của cùng một số?","options":["3 và 9","4 và -4","2 v
----
2025-12-29 14:07:08
SESSION student_code=2203857098, student_name=Lê Bảo Châu
RAW INPUT: {"type":"SUB_20251229111047_5f6985","testName":"Kiểm tra thường xuyên (TX1)","studentCode":"2203857098","studentName":"Lê Bảo Châu","classCode":"9A1","gradeLevel":"9","questions":[{"question":"Hiện tượng nào được coi là xâm hại quyền riêng tư?","options":["Đọc trộm tin nhắn","Chia sẻ bài học","Xem web tin tức","Chụp phong cảnh"],"correct":0,"type":"single","level":"TH"},{"question":"Cú pháp đúng của hàm COUNTIF là:","options":["=COUNTIF(range, criteria)","=COUNT(range)","=SUMIF(range, criteria)","=COUNTIFS(criteria)"],"correct":0,"type":"single","level":"NB"},{"question":"Thiết bị nào là phần cứng của máy tính?","options":["Chuột","Hệ điều hành","Phần mềm soạn thảo","Trình duyệt web"],"correct":0,"type":"single","level":"NB"},{"question":"Tác động tích cực của công nghệ số là gì?","options":["Kết nối nhanh","Làm việc hiệu quả hơn","Giải trí đa dạng","Cả 3 đáp án
----
2025-12-29 14:07:28
SESSION student_code=2203857098, student_name=Lê Bảo Châu
RAW INPUT: {"type":"SUB_20251229111047_5f6985","testName":"Kiểm tra thường xuyên (TX1)","studentCode":"2203857098","studentName":"Lê Bảo Châu","classCode":"9A1","gradeLevel":"9","questions":[{"question":"Hiện tượng nào được coi là xâm hại quyền riêng tư?","options":["Đọc trộm tin nhắn","Chia sẻ bài học","Xem web tin tức","Chụp phong cảnh"],"correct":0,"type":"single","level":"TH"},{"question":"Cú pháp đúng của hàm COUNTIF là:","options":["=COUNTIF(range, criteria)","=COUNT(range)","=SUMIF(range, criteria)","=COUNTIFS(criteria)"],"correct":0,"type":"single","level":"NB"},{"question":"Thiết bị nào là phần cứng của máy tính?","options":["Chuột","Hệ điều hành","Phần mềm soạn thảo","Trình duyệt web"],"correct":0,"type":"single","level":"NB"},{"question":"Tác động tích cực của công nghệ số là gì?","options":["Kết nối nhanh","Làm việc hiệu quả hơn","Giải trí đa dạng","Cả 3 đáp án
----
2025-12-29 14:07:46
SESSION student_code=2203857098, student_name=Lê Bảo Châu
RAW INPUT: {"type":"SUB_20251229111047_5f6985","testName":"Kiểm tra thường xuyên (TX1)","studentCode":"2203857098","studentName":"Lê Bảo Châu","classCode":"9A1","gradeLevel":"9","questions":[{"question":"Hiện tượng nào được coi là xâm hại quyền riêng tư?","options":["Đọc trộm tin nhắn","Chia sẻ bài học","Xem web tin tức","Chụp phong cảnh"],"correct":0,"type":"single","level":"TH"},{"question":"Cú pháp đúng của hàm COUNTIF là:","options":["=COUNTIF(range, criteria)","=COUNT(range)","=SUMIF(range, criteria)","=COUNTIFS(criteria)"],"correct":0,"type":"single","level":"NB"},{"question":"Thiết bị nào là phần cứng của máy tính?","options":["Chuột","Hệ điều hành","Phần mềm soạn thảo","Trình duyệt web"],"correct":0,"type":"single","level":"NB"},{"question":"Tác động tích cực của công nghệ số là gì?","options":["Kết nối nhanh","Làm việc hiệu quả hơn","Giải trí đa dạng","Cả 3 đáp án
----
2025-12-29 14:09:53
SESSION student_code=2203857098, student_name=Lê Bảo Châu
RAW INPUT: {"type":"SUB_20251229111047_5f6985","testName":"Kiểm tra thường xuyên (TX1)","studentCode":"2203857098","studentName":"Lê Bảo Châu","classCode":"9A1","gradeLevel":"9","questions":[{"question":"Hiện tượng nào được coi là xâm hại quyền riêng tư?","options":["Đọc trộm tin nhắn","Chia sẻ bài học","Xem web tin tức","Chụp phong cảnh"],"correct":0,"type":"single","level":"TH"},{"question":"Cú pháp đúng của hàm COUNTIF là:","options":["=COUNTIF(range, criteria)","=COUNT(range)","=SUMIF(range, criteria)","=COUNTIFS(criteria)"],"correct":0,"type":"single","level":"NB"},{"question":"Thiết bị nào là phần cứng của máy tính?","options":["Chuột","Hệ điều hành","Phần mềm soạn thảo","Trình duyệt web"],"correct":0,"type":"single","level":"NB"},{"question":"Tác động tích cực của công nghệ số là gì?","options":["Kết nối nhanh","Làm việc hiệu quả hơn","Giải trí đa dạng","Cả 3 đáp án
----
2025-12-29 14:10:31
SESSION student_code=2203857098, student_name=Lê Bảo Châu
RAW INPUT: {"type":"SUB_20251229134007_588055","testName":"Kiểm tra thường xuyên (TX1) 2","studentCode":"2203857098","studentName":"Lê Bảo Châu","classCode":"9A1","gradeLevel":"9","questions":[{"question":"Giá trị của \\( \\sqrt{0,25} \\) là:","options":["0,5","-0,5","±0,5","2"],"correct":0,"type":"single","level":"NB"},{"question":"Bất đẳng thức $$-3x > 6$$ có nghiệm là:","options":["$$x < -2$$","$$x > -2$$","$$x \\leq -2$$","$$x \\geq -2$$"],"correct":0,"type":"single","level":"NB"},{"question":"Trong các số sau, số nào là số vô tỉ?","options":["\\( \\sqrt{16} \\)","\\( \\sqrt{2} \\)","4","0"],"correct":1,"type":"single","level":"TH"},{"question":"Cho bất đẳng thức $3x - 5 > 7$. Giá trị nhỏ nhất của $x$ là bao nhiêu?","options":["$x > 4$","$x > 3$","$x > 2$","$x > 5$"],"correct":0,"type":"single","level":"NB"},{"question":"Cặp số nào sau đây là hai căn bậc hai của cùng một số?","options":["3 và 9","4 và -4","2 và 4",
----
2025-12-29 14:13:10
SESSION student_code=2203857099, student_name=Nguyễn Minh Châu
RAW INPUT: {"type":"SUB_20251229111047_5f6985","testName":"Kiểm tra thường xuyên (TX1)","studentCode":"2203857099","studentName":"Nguyễn Minh Châu","classCode":"9A1","gradeLevel":"9","questions":[{"question":"Hiện tượng nào được coi là xâm hại quyền riêng tư?","options":["Đọc trộm tin nhắn","Chia sẻ bài học","Xem web tin tức","Chụp phong cảnh"],"correct":0,"type":"single","level":"TH"},{"question":"Cú pháp đúng của hàm COUNTIF là:","options":["=COUNTIF(range, criteria)","=COUNT(range)","=SUMIF(range, criteria)","=COUNTIFS(criteria)"],"correct":0,"type":"single","level":"NB"},{"question":"Thiết bị nào là phần cứng của máy tính?","options":["Chuột","Hệ điều hành","Phần mềm soạn thảo","Trình duyệt web"],"correct":0,"type":"single","level":"NB"},{"question":"Tác động tích cực của công nghệ số là gì?","options":["Kết nối nhanh","Làm việc hiệu quả hơn","Giải trí đa dạng","Cả 3 đáp
----
2025-12-29 14:27:59
SESSION student_code=2203857100, student_name=Trần Đức Dinh
RAW INPUT: {"type":"SUB_20251229111047_5f6985","testName":"Kiểm tra thường xuyên (TX1)","studentCode":"2203857100","studentName":"Trần Đức Dinh","classCode":"9A1","gradeLevel":"9","questions":[{"question":"Hiện tượng nào được coi là xâm hại quyền riêng tư?","options":["Đọc trộm tin nhắn","Chia sẻ bài học","Xem web tin tức","Chụp phong cảnh"],"correct":0,"type":"single","level":"TH"},{"question":"Cú pháp đúng của hàm COUNTIF là:","options":["=COUNTIF(range, criteria)","=COUNT(range)","=SUMIF(range, criteria)","=COUNTIFS(criteria)"],"correct":0,"type":"single","level":"NB"},{"question":"Thiết bị nào là phần cứng của máy tính?","options":["Chuột","Hệ điều hành","Phần mềm soạn thảo","Trình duyệt web"],"correct":0,"type":"single","level":"NB"},{"question":"Tác động tích cực của công nghệ số là gì?","options":["Kết nối nhanh","Làm việc hiệu quả hơn","Giải trí đa dạng","Cả 3 đáp 
----
2025-12-29 14:29:07
SESSION student_code=2203857100, student_name=Trần Đức Dinh
RAW INPUT: {"type":"SUB_20251229134007_588055","testName":"Kiểm tra thường xuyên (TX1)","studentCode":"2203857100","studentName":"Trần Đức Dinh","classCode":"9A1","gradeLevel":"9","questions":[{"question":"Giá trị của \\( \\sqrt{0,25} \\) là:","options":["0,5","-0,5","±0,5","2"],"correct":0,"type":"single","level":"NB"},{"question":"Bất đẳng thức $$-3x > 6$$ có nghiệm là:","options":["$$x < -2$$","$$x > -2$$","$$x \\leq -2$$","$$x \\geq -2$$"],"correct":0,"type":"single","level":"NB"},{"question":"Trong các số sau, số nào là số vô tỉ?","options":["\\( \\sqrt{16} \\)","\\( \\sqrt{2} \\)","4","0"],"correct":1,"type":"single","level":"TH"},{"question":"Cho bất đẳng thức $3x - 5 > 7$. Giá trị nhỏ nhất của $x$ là bao nhiêu?","options":["$x > 4$","$x > 3$","$x > 2$","$x > 5$"],"correct":0,"type":"single","level":"NB"},{"question":"Cặp số nào sau đây là hai căn bậc hai của cùng một số?","options":["3 và 9","4 và -4","2 và 4"
----
2025-12-29 14:29:57
SESSION student_code=2203857100, student_name=Trần Đức Dinh
RAW INPUT: {"type":"SUB_20251229134007_588055","testName":"Kiểm tra thường xuyên (TX1)","studentCode":"2203857100","studentName":"Trần Đức Dinh","classCode":"9A1","gradeLevel":"9","questions":[{"question":"Giá trị của \\( \\sqrt{0,25} \\) là:","options":["0,5","-0,5","±0,5","2"],"correct":0,"type":"single","level":"NB"},{"question":"Bất đẳng thức $$-3x > 6$$ có nghiệm là:","options":["$$x < -2$$","$$x > -2$$","$$x \\leq -2$$","$$x \\geq -2$$"],"correct":0,"type":"single","level":"NB"},{"question":"Trong các số sau, số nào là số vô tỉ?","options":["\\( \\sqrt{16} \\)","\\( \\sqrt{2} \\)","4","0"],"correct":1,"type":"single","level":"TH"},{"question":"Cho bất đẳng thức $3x - 5 > 7$. Giá trị nhỏ nhất của $x$ là bao nhiêu?","options":["$x > 4$","$x > 3$","$x > 2$","$x > 5$"],"correct":0,"type":"single","level":"NB"},{"question":"Cặp số nào sau đây là hai căn bậc hai của cùng một số?","options":["3 và 9","4 và -4","2 và 4"
----
2025-12-29 14:30:58
SESSION student_code=2203857101, student_name=Trần Nghi Đình
RAW INPUT: {"type":"SUB_20251229111047_5f6985","testName":"Kiểm tra thường xuyên (TX1)","studentCode":"2203857101","studentName":"Trần Nghi Đình","classCode":"9A1","gradeLevel":"9","questions":[{"question":"Hiện tượng nào được coi là xâm hại quyền riêng tư?","options":["Đọc trộm tin nhắn","Chia sẻ bài học","Xem web tin tức","Chụp phong cảnh"],"correct":0,"type":"single","level":"TH"},{"question":"Cú pháp đúng của hàm COUNTIF là:","options":["=COUNTIF(range, criteria)","=COUNT(range)","=SUMIF(range, criteria)","=COUNTIFS(criteria)"],"correct":0,"type":"single","level":"NB"},{"question":"Thiết bị nào là phần cứng của máy tính?","options":["Chuột","Hệ điều hành","Phần mềm soạn thảo","Trình duyệt web"],"correct":0,"type":"single","level":"NB"},{"question":"Tác động tích cực của công nghệ số là gì?","options":["Kết nối nhanh","Làm việc hiệu quả hơn","Giải trí đa dạng","Cả 3 đáp 
----
2025-12-29 15:17:48
SESSION student_code=2203857101, student_name=Trần Nghi Đình
RAW INPUT: {"type":"SUB_20251229134007_588055","testName":"Kiểm tra thường xuyên (TX1)","studentCode":"2203857101","studentName":"Trần Nghi Đình","classCode":"9A1","gradeLevel":"9","questions":[{"question":"Giá trị của \\( \\sqrt{0,25} \\) là:","options":["0,5","-0,5","±0,5","2"],"correct":0,"type":"single","level":"NB"},{"question":"Bất đẳng thức $$-3x > 6$$ có nghiệm là:","options":["$$x < -2$$","$$x > -2$$","$$x \\leq -2$$","$$x \\geq -2$$"],"correct":0,"type":"single","level":"NB"},{"question":"Trong các số sau, số nào là số vô tỉ?","options":["\\( \\sqrt{16} \\)","\\( \\sqrt{2} \\)","4","0"],"correct":1,"type":"single","level":"TH"},{"question":"Cho bất đẳng thức $3x - 5 > 7$. Giá trị nhỏ nhất của $x$ là bao nhiêu?","options":["$x > 4$","$x > 3$","$x > 2$","$x > 5$"],"correct":0,"type":"single","level":"NB"},{"question":"Cặp số nào sau đây là hai căn bậc hai của cùng một số?","options":["3 và 9","4 và -4","2 và 4"
